[2020-03-15T14:03:29.597] [DEBUG] cheese - login => username:1,password:1
[2020-03-15T14:03:29.599] [DEBUG] cheese - 1
[2020-03-15T14:03:29.609] [DEBUG] cheese - null
[2020-03-15T14:03:29.610] [DEBUG] cheese - null
[2020-03-17T10:35:58.504] [DEBUG] cheese - login => username:admin,password:123456
[2020-03-17T10:35:58.505] [DEBUG] cheese - admin
[2020-03-17T10:35:58.609] [DEBUG] cheese - null
[2020-03-17T10:35:58.610] [DEBUG] cheese - null
[2020-03-17T10:38:20.519] [DEBUG] cheese - login => username:admin,password:123456
[2020-03-17T10:38:20.519] [DEBUG] cheese - admin
[2020-03-17T10:38:20.527] [DEBUG] cheese - null
[2020-03-17T10:38:20.527] [DEBUG] cheese - null
[2020-03-17T10:43:17.249] [DEBUG] cheese - login => username:admin,password:123456
[2020-03-17T10:43:17.249] [DEBUG] cheese - admin
[2020-03-17T10:43:17.254] [DEBUG] cheese - null
[2020-03-17T10:43:17.254] [DEBUG] cheese - null
[2020-03-17T10:43:26.524] [DEBUG] cheese - login => username:1111,password:123456
[2020-03-17T10:43:26.524] [DEBUG] cheese - 1111
[2020-03-17T10:43:26.529] [DEBUG] cheese - null
[2020-03-17T10:43:26.529] [DEBUG] cheese - null
[2020-03-17T10:45:42.924] [DEBUG] cheese - login => username:admin,password:123456
[2020-03-17T10:45:42.924] [DEBUG] cheese - admin
[2020-03-17T10:45:42.933] [DEBUG] cheese - null
[2020-03-17T10:45:42.933] [DEBUG] cheese - null
[2020-03-17T10:46:41.268] [DEBUG] cheese - login => username:admin,password:123456
[2020-03-17T10:46:41.268] [DEBUG] cheese - admin
[2020-03-17T10:46:41.271] [DEBUG] cheese - null
[2020-03-17T10:46:41.271] [DEBUG] cheese - null
[2020-03-17T10:50:44.030] [DEBUG] cheese - login => username:admin,password:123456
[2020-03-17T10:50:44.030] [DEBUG] cheese - admin
[2020-03-17T10:50:44.035] [DEBUG] cheese - null
[2020-03-17T10:50:44.035] [DEBUG] cheese - null
[2020-03-17T11:18:35.095] [DEBUG] cheese - login => username:admin,password:123456
[2020-03-17T11:18:35.096] [DEBUG] cheese - admin
[2020-03-17T11:18:35.105] [DEBUG] cheese - null
[2020-03-17T11:18:35.105] [DEBUG] cheese - null
[2020-03-17T11:22:54.147] [DEBUG] cheese - login => username:admin,password:123456
[2020-03-17T11:22:54.147] [DEBUG] cheese - admin
[2020-03-17T11:22:54.152] [DEBUG] cheese - null
[2020-03-17T11:22:54.152] [DEBUG] cheese - null
[2020-03-17T11:24:22.018] [DEBUG] cheese - login => username:admin,password:123456
[2020-03-17T11:24:22.019] [DEBUG] cheese - admin
[2020-03-17T11:24:22.022] [DEBUG] cheese - null
[2020-03-17T11:24:22.022] [DEBUG] cheese - null
[2020-03-17T12:12:29.949] [DEBUG] cheese - login => username:admin,password:123456
[2020-03-17T12:12:29.950] [DEBUG] cheese - admin
[2020-03-17T12:12:29.960] [DEBUG] cheese - null
[2020-03-17T12:12:29.960] [DEBUG] cheese - null
[2020-03-17T14:03:24.432] [DEBUG] cheese - login => username:admin,password:123456
[2020-03-17T14:03:24.433] [DEBUG] cheese - admin
[2020-03-17T14:03:24.442] [DEBUG] cheese - null
[2020-03-17T14:03:24.442] [DEBUG] cheese - null
[2020-03-17T14:03:58.304] [DEBUG] cheese - login => username:admin,password:123456
[2020-03-17T14:03:58.304] [DEBUG] cheese - admin
[2020-03-17T14:03:58.309] [DEBUG] cheese - null
[2020-03-17T14:03:58.309] [DEBUG] cheese - null
[2020-03-17T15:04:50.936] [DEBUG] cheese - login => username:admin,password:123456
[2020-03-17T15:04:50.937] [DEBUG] cheese - admin
[2020-03-17T15:04:50.942] [DEBUG] cheese - null
[2020-03-17T15:04:50.942] [DEBUG] cheese - null
[2020-03-17T16:33:57.478] [DEBUG] cheese - login => username:admin,password:123456
[2020-03-17T16:33:57.479] [DEBUG] cheese - admin
[2020-03-17T16:33:57.483] [DEBUG] cheese - null
[2020-03-17T16:33:57.484] [DEBUG] cheese - null
[2020-03-17T16:49:10.678] [DEBUG] cheese - login => username:admin,password:123456
[2020-03-17T16:49:10.679] [DEBUG] cheese - admin
[2020-03-17T16:49:10.690] [DEBUG] cheese - null
[2020-03-17T16:49:10.690] [DEBUG] cheese - null
[2020-03-17T16:49:29.270] [DEBUG] cheese - login => username:admin,password:123456
[2020-03-17T16:49:29.271] [DEBUG] cheese - admin
[2020-03-17T16:49:29.273] [DEBUG] cheese - null
[2020-03-17T16:49:29.273] [DEBUG] cheese - null
[2020-03-18T16:29:11.418] [DEBUG] cheese - null
[2020-03-18T16:30:17.702] [DEBUG] cheese - null
[2020-03-18T17:05:26.548] [DEBUG] cheese - login => username:admin,password:123456
[2020-03-18T17:05:26.548] [DEBUG] cheese - admin
[2020-03-18T17:05:26.560] [DEBUG] cheese - null
[2020-03-18T17:05:26.560] [DEBUG] cheese - null
[2020-03-18T17:39:27.136] [DEBUG] cheese - null
[2020-03-18T17:39:35.751] [DEBUG] cheese - null
[2020-03-19T16:48:52.708] [DEBUG] cheese - login => username:admin,password:123456
[2020-03-19T16:48:52.712] [DEBUG] cheese - admin
[2020-03-19T16:48:52.729] [DEBUG] cheese - null
[2020-03-19T16:48:52.729] [DEBUG] cheese - null
[2020-03-20T17:04:37.589] [DEBUG] cheese - login => username:admin,password:123456
[2020-03-20T17:04:37.604] [DEBUG] cheese - admin
[2020-03-20T17:04:37.621] [DEBUG] cheese - null
[2020-03-20T17:04:37.622] [DEBUG] cheese - null
[2020-03-22T08:26:49.398] [DEBUG] cheese - login => username:admin,password:123456
[2020-03-22T08:26:49.399] [DEBUG] cheese - admin
[2020-03-22T08:26:49.435] [DEBUG] cheese - null
[2020-03-22T08:26:49.435] [DEBUG] cheese - null
[2020-03-22T20:04:32.550] [DEBUG] cheese - null
[2020-03-23T08:31:57.289] [DEBUG] cheese - login => username:admin,password:123456
[2020-03-23T08:31:57.292] [DEBUG] cheese - admin
[2020-03-23T08:31:57.303] [DEBUG] cheese - null
[2020-03-23T08:31:57.304] [DEBUG] cheese - null
[2020-03-26T10:10:11.370] [DEBUG] cheese - login => username:admin,password:123456
[2020-03-26T10:10:11.371] [DEBUG] cheese - admin
[2020-03-26T10:10:11.452] [DEBUG] cheese - null
[2020-03-26T10:10:11.453] [DEBUG] cheese - null
